<?xml version="1.0" encoding="UTF-8"?>
<!-- Generated by org.testng.reporters.JUnitReportReporter -->
<testsuite hostname="NGD24116" name="com.profiler.classification.ProfileRoleTest" tests="4" failures="0" timestamp="8 Apr 2019 10:25:25 GMT" time="104.530" errors="0">
  <testcase name="testCreateProfileRole" time="57.168" classname="com.profiler.classification.ProfileRoleTest"/>
  <testcase name="testDeleteProfileRole" time="47.282" classname="com.profiler.classification.ProfileRoleTest"/>
  <testcase name="testEditProfileRole" time="0.053" classname="com.profiler.classification.ProfileRoleTest"/>
  <testcase name="testMultipleProfileRolesDelete" time="0.027" classname="com.profiler.classification.ProfileRoleTest"/>
</testsuite> <!-- com.profiler.classification.ProfileRoleTest -->
