<?xml version="1.0" encoding="UTF-8"?>
<!-- Generated by org.testng.reporters.JUnitReportReporter -->
<testsuite hostname="NGD24116" name="com.profiler.contractmgt.TypePaymentThreshold" tests="1" failures="0" timestamp="8 Apr 2019 10:25:25 GMT" time="138.963" errors="0">
  <testcase name="AddCountryPaymentThreshold" time="138.963" classname="com.profiler.contractmgt.TypePaymentThreshold"/>
</testsuite> <!-- com.profiler.contractmgt.TypePaymentThreshold -->
