<?xml version="1.0" encoding="UTF-8"?>
<!-- Generated by org.testng.reporters.JUnitReportReporter -->
<testsuite hostname="NGD24116" name="com.profiler.contractmgt.CountryPaymentThreshold" tests="1" failures="0" timestamp="8 Apr 2019 10:25:25 GMT" time="170.500" errors="0">
  <testcase name="AddCountryPaymentThreshold" time="170.500" classname="com.profiler.contractmgt.CountryPaymentThreshold"/>
</testsuite> <!-- com.profiler.contractmgt.CountryPaymentThreshold -->
