<?xml version="1.0" encoding="UTF-8"?>
<!-- Generated by org.testng.reporters.JUnitReportReporter -->
<testsuite hostname="NGD24116" name="com.profiler.data.GoalsTypes" tests="3" failures="0" timestamp="8 Apr 2019 10:25:25 GMT" time="280.013" errors="0">
  <testcase name="testCreateGoalsTypes" time="76.591" classname="com.profiler.data.GoalsTypes"/>
  <testcase name="testDeleteGoalsTypes" time="106.221" classname="com.profiler.data.GoalsTypes"/>
  <testcase name="testEditGoalsTypes" time="97.201" classname="com.profiler.data.GoalsTypes"/>
</testsuite> <!-- com.profiler.data.GoalsTypes -->
