<?xml version="1.0" encoding="UTF-8"?>
<!-- Generated by org.testng.reporters.JUnitReportReporter -->
<testsuite hostname="NGD24116" name="com.profiler.classification.TherapeuticAreaTest" tests="4" failures="0" timestamp="8 Apr 2019 10:25:25 GMT" time="97.695" errors="0">
  <testcase name="testDeleteTherapeuticArea" time="49.338" classname="com.profiler.classification.TherapeuticAreaTest"/>
  <testcase name="testCreateTherapeuticArea" time="48.301" classname="com.profiler.classification.TherapeuticAreaTest"/>
  <testcase name="testEditTherapeuticArea" time="0.028" classname="com.profiler.classification.TherapeuticAreaTest"/>
  <testcase name="testMultipleTherapeuticAreasDelete" time="0.028" classname="com.profiler.classification.TherapeuticAreaTest"/>
</testsuite> <!-- com.profiler.classification.TherapeuticAreaTest -->
