<?xml version="1.0" encoding="UTF-8"?>
<!-- Generated by org.testng.reporters.JUnitReportReporter -->
<testsuite hostname="NGD24116" name="com.profiler.data.InfluenceStrength" tests="3" failures="0" timestamp="8 Apr 2019 10:25:25 GMT" time="274.795" errors="0">
  <testcase name="testEditInflncStrngth" time="97.806" classname="com.profiler.data.InfluenceStrength"/>
  <testcase name="testDeleteInflncStrngth" time="105.431" classname="com.profiler.data.InfluenceStrength"/>
  <testcase name="testCreateInflncStrngth" time="71.558" classname="com.profiler.data.InfluenceStrength"/>
</testsuite> <!-- com.profiler.data.InfluenceStrength -->
