<?xml version="1.0" encoding="UTF-8"?>
<!-- Generated by org.testng.reporters.JUnitReportReporter -->
<testsuite hostname="NGD24116" name="com.profiler.data.InfluenceTypes" tests="3" failures="0" timestamp="8 Apr 2019 10:25:25 GMT" time="279.087" errors="0">
  <testcase name="testEditInflncType" time="92.567" classname="com.profiler.data.InfluenceTypes"/>
  <testcase name="testCreateInflncType" time="85.256" classname="com.profiler.data.InfluenceTypes"/>
  <testcase name="testDeleteInflncType" time="101.264" classname="com.profiler.data.InfluenceTypes"/>
</testsuite> <!-- com.profiler.data.InfluenceTypes -->
