<?xml version="1.0" encoding="UTF-8"?>
<!-- Generated by org.testng.reporters.JUnitReportReporter -->
<testsuite hostname="NGD24116" name="com.profiler.data.GoalsFunctions" tests="3" failures="0" timestamp="8 Apr 2019 10:25:25 GMT" time="261.837" errors="0">
  <testcase name="testEditGoalsFunctions" time="92.607" classname="com.profiler.data.GoalsFunctions"/>
  <testcase name="testDeleteGoalsFunctions" time="100.224" classname="com.profiler.data.GoalsFunctions"/>
  <testcase name="testCreateGoalsFunctions" time="69.006" classname="com.profiler.data.GoalsFunctions"/>
</testsuite> <!-- com.profiler.data.GoalsFunctions -->
