<?xml version="1.0" encoding="UTF-8"?>
<!-- Generated by org.testng.reporters.JUnitReportReporter -->
<testsuite hostname="NGD24116" name="com.profiler.contractmgt.ContractManagementTest" tests="1" failures="0" timestamp="8 Apr 2019 10:25:25 GMT" time="164.048" errors="0">
  <testcase name="AddContractManagement" time="164.048" classname="com.profiler.contractmgt.ContractManagementTest"/>
</testsuite> <!-- com.profiler.contractmgt.ContractManagementTest -->
