<?xml version="1.0" encoding="UTF-8"?>
<!-- Generated by org.testng.reporters.JUnitReportReporter -->
<testsuite hostname="NGD24116" name="com.profiler.data.ClinicalActivityType" tests="3" failures="0" timestamp="8 Apr 2019 10:25:25 GMT" time="153.269" errors="0">
  <testcase name="testEditClinicalActType" time="38.250" classname="com.profiler.data.ClinicalActivityType"/>
  <testcase name="testDeleteClinicalActType" time="60.980" classname="com.profiler.data.ClinicalActivityType"/>
  <testcase name="testCreateClinicalActType" time="54.039" classname="com.profiler.data.ClinicalActivityType"/>
</testsuite> <!-- com.profiler.data.ClinicalActivityType -->
