<?xml version="1.0" encoding="UTF-8"?>
<!-- Generated by org.testng.reporters.JUnitReportReporter -->
<testsuite hostname="NGD24116" name="com.profiler.classification.Brand1" tests="6" failures="0" timestamp="8 Apr 2019 10:25:25 GMT" time="279.107" errors="0">
  <testcase name="verifyBrandDelFromProfile" time="60.372" classname="com.profiler.classification.Brand1"/>
  <testcase name="deleteBrand" time="38.511" classname="com.profiler.classification.Brand1"/>
  <testcase name="verifyBrand" time="33.994" classname="com.profiler.classification.Brand1"/>
  <testcase name="addBrand" time="66.278" classname="com.profiler.classification.Brand1"/>
  <testcase name="verifyBrndProfile" time="35.521" classname="com.profiler.classification.Brand1"/>
  <testcase name="verifyBrandDelFromClassification" time="44.431" classname="com.profiler.classification.Brand1"/>
</testsuite> <!-- com.profiler.classification.Brand1 -->
