<?xml version="1.0" encoding="UTF-8"?>
<!-- Generated by org.testng.reporters.JUnitReportReporter -->
<testsuite hostname="NGD24116" name="com.profiler.data.RejectionReason" tests="3" failures="0" timestamp="8 Apr 2019 10:25:25 GMT" time="262.105" errors="0">
  <testcase name="testDeleteRejectionReason" time="102.994" classname="com.profiler.data.RejectionReason"/>
  <testcase name="testCreateRejectionReason" time="65.417" classname="com.profiler.data.RejectionReason"/>
  <testcase name="testEditRejectionReason" time="93.694" classname="com.profiler.data.RejectionReason"/>
</testsuite> <!-- com.profiler.data.RejectionReason -->
