<?xml version="1.0" encoding="UTF-8"?>
<!-- Generated by org.testng.reporters.JUnitReportReporter -->
<testsuite hostname="NGD24116" name="com.profiler.data.OrganizationPosition" tests="3" failures="0" timestamp="8 Apr 2019 10:25:25 GMT" time="204.033" errors="0">
  <testcase name="testCreateOrgPosition" time="42.326" classname="com.profiler.data.OrganizationPosition"/>
  <testcase name="testEditOrgPosition" time="50.155" classname="com.profiler.data.OrganizationPosition"/>
  <testcase name="testDeleteOrgPosition" time="111.552" classname="com.profiler.data.OrganizationPosition"/>
</testsuite> <!-- com.profiler.data.OrganizationPosition -->
