<?xml version="1.0" encoding="UTF-8"?>
<!-- Generated by org.testng.reporters.JUnitReportReporter -->
<testsuite hostname="NGD24116" name="com.profiler.data.Condition" tests="3" failures="0" timestamp="8 Apr 2019 10:25:25 GMT" time="145.424" errors="0">
  <testcase name="testDeleteCondition" time="61.050" classname="com.profiler.data.Condition"/>
  <testcase name="testCreateCondition" time="46.247" classname="com.profiler.data.Condition"/>
  <testcase name="testEditCondition" time="38.127" classname="com.profiler.data.Condition"/>
</testsuite> <!-- com.profiler.data.Condition -->
