<?xml version="1.0" encoding="UTF-8"?>
<!-- Generated by org.testng.reporters.JUnitReportReporter -->
<testsuite hostname="NGD24116" name="com.profiler.data.CommitteeType" tests="3" failures="0" timestamp="8 Apr 2019 10:25:25 GMT" time="142.804" errors="0">
  <testcase name="testCreateCommType" time="45.127" classname="com.profiler.data.CommitteeType"/>
  <testcase name="testDeleteCommType" time="59.695" classname="com.profiler.data.CommitteeType"/>
  <testcase name="testEditCommType" time="37.982" classname="com.profiler.data.CommitteeType"/>
</testsuite> <!-- com.profiler.data.CommitteeType -->
