<?xml version="1.0" encoding="UTF-8"?>
<!-- Generated by org.testng.reporters.JUnitReportReporter -->
<testsuite hostname="NGD24116" name="com.profiler.scripts.TemplateTest" tests="2" failures="0" timestamp="8 Apr 2019 10:25:25 GMT" time="971.207" errors="0">
  <testcase name="testTemplate" time="177.347" classname="com.profiler.scripts.TemplateTest"/>
  <testcase name="testCustomizeTemplate" time="793.860" classname="com.profiler.scripts.TemplateTest"/>
</testsuite> <!-- com.profiler.scripts.TemplateTest -->
